{"message":"connected","level":"info"}
{"message":"connected","level":"info"}
{"message":"connected","level":"info"}
{"message":"connected","level":"info"}
{"message":"connected","level":"info"}
{"message":"connected","level":"info"}
{"message":"connected","level":"info"}
{"message":"connected","level":"info"}
{"message":"connected","level":"info"}
{"message":"connected","level":"warn"}
{"message":"connected","level":"info"}
[34minfo[39m:    connected
[34minfo[39m:    connected
[34minfo[39m:    connected
{"message":"connected","level":"info"}
{"message":"connected","level":"info"}
{"message":"connected","level":"info"}
{"message":"connected","level":"info"}
{"message":"connected","level":"info"}
2021-03-05T07:17:24.343Z info: connected
2021-03-05T07:18:39.482Z info: connected
{2021-03-05T07:19:07.175Z info: connected}
{"message":connected,"level":info,"timestamp":2021-03-05T07:20:21.606Z}
{"message":connected,"level":info,"timestamp":undefined}
{"message":connected,"level":info,"timestamp":2021-03-05T07:21:17.558Z}
{"message":connected,"level":info,"timestamp":2021-03-05T09:39:02.737Z}
{"message":connected,"level":info,"timestamp":2021-03-05T10:07:37.097Z}
{"message":connected,"level":info,"timestamp":2021-03-05T10:08:29.916Z}
{"message":connected,"level":info,"timestamp":2021-03-05T10:09:31.538Z}
{"message":connected,"level":info,"timestamp":2021-03-05T10:11:34.865Z}
{"message":connected,"level":info,"timestamp":2021-03-05T12:20:57.721Z}
{"message":connected,"level":info,"timestamp":2021-03-05T12:21:50.537Z}
{"message":connected,"level":info,"timestamp":2021-03-05T12:22:27.390Z}
{"message":connected,"level":info,"timestamp":2021-03-05T12:24:23.757Z}
{"message":connected,"level":info,"timestamp":2021-03-05T12:24:39.813Z}
{"message":connected,"level":info,"timestamp":2021-03-05T12:25:32.805Z}
{"message":connected,"level":info,"timestamp":2021-03-05T12:25:57.232Z}
{"message":connected,"level":info,"timestamp":2021-03-05T12:27:07.924Z}
{"message":connected,"level":info,"timestamp":2021-03-05T12:27:24.050Z}
{"message":connected,"level":info,"timestamp":2021-03-05T12:39:52.470Z}
{"message":connected,"level":info,"timestamp":2021-03-05T12:40:18.558Z}
{"message":connected,"level":info,"timestamp":2021-03-05T12:40:34.559Z}
{"message":connected,"level":info,"timestamp":2021-03-05T12:41:06.577Z}
{"message":connected,"level":info,"timestamp":2021-03-05T12:42:10.135Z}
{"message":connected,"level":info,"timestamp":2021-03-05T12:44:49.165Z}
{"message":connected,"level":info,"timestamp":2021-03-05T12:45:08.694Z}
{"message":connected,"level":info,"timestamp":2021-03-05T12:45:25.566Z}
{"message":connected,"level":info,"timestamp":2021-03-05T12:45:50.344Z}
{"message":connected,"level":info,"timestamp":2021-03-05T12:57:58.839Z}
{"message":connected,"level":info,"timestamp":2021-03-05T13:02:12.737Z}
{"message":connected,"level":info,"timestamp":2021-03-05T13:02:37.617Z}
{"message":connected,"level":info,"timestamp":2021-03-05T13:04:32.702Z}
{"message":connected,"level":info,"timestamp":2021-03-05T13:06:33.599Z}
{"message":connected,"level":info,"timestamp":2021-03-05T13:07:04.350Z}
{"message":connected,"level":info,"timestamp":2021-03-05T13:07:34.652Z}
{"message":connected,"level":info,"timestamp":2021-03-05T13:08:11.444Z}
{"message":connected,"level":info,"timestamp":2021-03-05T13:08:48.928Z}
{"message":connected,"level":info,"timestamp":2021-03-05T13:09:14.526Z}
{"message":connected,"level":info,"timestamp":2021-03-05T13:09:19.518Z}
{"message":connected,"level":info,"timestamp":2021-03-05T13:09:32.298Z}
{"message":connected,"level":info,"timestamp":2021-03-05T13:10:00.844Z}
{"message":connected,"level":info,"timestamp":2021-03-05T13:10:11.252Z}
{"message":connected,"level":info,"timestamp":2021-03-05T13:10:23.844Z}
{"message":connected,"level":info,"timestamp":2021-03-05T13:10:45.492Z}
{"message":connected,"level":info,"timestamp":2021-03-05T13:11:05.023Z}
{"message":connected,"level":info,"timestamp":2021-03-05T13:13:02.019Z}
{"message":connected,"level":info,"timestamp":2021-03-05T13:13:18.828Z}
{"message":connected,"level":info,"timestamp":2021-03-05T13:13:32.088Z}
{"message":connected,"level":info,"timestamp":2021-03-05T13:13:50.905Z}
{"message":connected,"level":info,"timestamp":2021-03-05T13:14:17.869Z}
{"message":connected,"level":info,"timestamp":2021-03-05T13:14:23.858Z}
{"message":connected,"level":info,"timestamp":2021-03-05T13:14:41.251Z}
{"message":connected,"level":info,"timestamp":2021-03-05T13:16:11.573Z}
{"message":connected,"level":info,"timestamp":2021-03-05T13:16:21.345Z}
{"message":connected,"level":info,"timestamp":2021-03-05T13:16:39.565Z}
{"message":connected,"level":info,"timestamp":2021-03-05T13:18:22.293Z}
{"message":connected,"level":info,"timestamp":2021-03-05T13:19:00.057Z}
{"message":connected,"level":info,"timestamp":2021-03-05T13:19:09.319Z}
{"message":connected,"level":info,"timestamp":2021-03-05T13:19:42.600Z}
{"message":connected,"level":info,"timestamp":2021-03-05T13:20:42.156Z}
{"message":connected,"level":info,"timestamp":2021-03-05T13:21:05.373Z}
{"message":connected,"level":info,"timestamp":2021-03-05T13:21:09.784Z}
{"message":connected,"level":info,"timestamp":2021-03-05T13:23:05.285Z}
{"message":connected,"level":info,"timestamp":2021-03-05T13:24:03.813Z}
{"message":connected,"level":info,"timestamp":2021-03-05T13:24:08.041Z}
{"message":connected,"level":info,"timestamp":2021-03-05T13:28:48.978Z}
{"message":connected,"level":info,"timestamp":2021-03-05T13:29:01.049Z}
{"message":connected,"level":info,"timestamp":2021-03-05T13:29:15.193Z}
{"message":connected,"level":info,"timestamp":2021-03-05T13:30:55.615Z}
{"message":connected,"level":info,"timestamp":2021-03-06T04:21:03.779Z}
{"message":connected,"level":info,"timestamp":2021-03-06T04:59:18.740Z}
{"message":connected,"level":info,"timestamp":2021-03-10T06:28:00.600Z}
{"message":connected,"level":info,"timestamp":2021-03-10T06:30:27.784Z}
{"message":connected,"level":info,"timestamp":2021-03-10T06:30:36.110Z}
{"message":connected,"level":info,"timestamp":2021-03-10T06:30:43.130Z}
{"message":connected,"level":info,"timestamp":2021-03-10T06:30:59.741Z}
{"message":connected,"level":info,"timestamp":2021-03-10T06:31:24.730Z}
{"message":connected,"level":info,"timestamp":2021-03-10T06:31:56.972Z}
{"message":connected,"level":info,"timestamp":2021-03-10T06:32:48.954Z}
{"message":connected,"level":info,"timestamp":2021-03-10T06:34:05.623Z}
{"message":connected,"level":info,"timestamp":2021-03-10T06:34:31.795Z}
{"message":connected,"level":info,"timestamp":2021-03-10T06:35:16.391Z}
{"message":connected,"level":info,"timestamp":2021-03-10T06:39:00.414Z}
{"message":connected,"level":info,"timestamp":2021-03-10T06:39:20.915Z}
{"message":connected,"level":info,"timestamp":2021-03-10T06:39:53.760Z}
{"message":connected,"level":info,"timestamp":2021-03-10T06:44:32.778Z}
{"message":connected,"level":info,"timestamp":2021-03-10T06:46:19.551Z}
{"message":connected,"level":info,"timestamp":2021-03-10T06:59:39.835Z}
{"message":connected,"level":info,"timestamp":2021-03-10T07:01:19.463Z}
{"message":connected,"level":info,"timestamp":2021-03-10T07:03:17.772Z}
{"message":connected,"level":info,"timestamp":2021-03-10T07:04:44.982Z}
{"message":connected,"level":info,"timestamp":2021-03-10T07:04:58.997Z}
{"message":connected,"level":info,"timestamp":2021-03-10T07:07:16.222Z}
{"message":connected,"level":info,"timestamp":2021-03-10T07:07:28.191Z}
{"message":connected,"level":info,"timestamp":2021-03-10T07:07:56.256Z}
{"message":connected,"level":info,"timestamp":2021-03-10T07:09:44.279Z}
{"message":connected,"level":info,"timestamp":2021-03-10T07:11:00.966Z}
{"message":connected,"level":info,"timestamp":2021-03-10T07:13:13.093Z}
{"message":connected,"level":info,"timestamp":2021-03-10T07:13:28.385Z}
{"message":connected,"level":info,"timestamp":2021-03-10T07:14:49.856Z}
{"message":connected,"level":info,"timestamp":2021-03-10T07:15:31.603Z}
{"message":connected,"level":info,"timestamp":2021-03-10T07:16:16.329Z}
{"message":connected,"level":info,"timestamp":2021-03-10T07:16:35.285Z}
{"message":connected,"level":info,"timestamp":2021-03-10T07:16:52.793Z}
{"message":connected,"level":info,"timestamp":2021-03-10T07:17:06.540Z}
{"message":connected,"level":info,"timestamp":2021-03-10T07:17:46.308Z}
{"message":connected,"level":info,"timestamp":2021-03-10T07:18:37.361Z}
{"message":connected,"level":info,"timestamp":2021-03-10T07:19:27.997Z}
{"message":connected,"level":info,"timestamp":2021-03-10T07:20:40.834Z}
{"message":connected,"level":info,"timestamp":2021-03-10T07:20:54.084Z}
{"message":connected,"level":info,"timestamp":2021-03-10T07:21:33.878Z}
{"message":connected,"level":info,"timestamp":2021-03-10T07:23:38.253Z}
{"message":connected,"level":info,"timestamp":2021-03-10T07:24:59.587Z}
{"message":connected,"level":info,"timestamp":2021-03-10T07:25:19.772Z}
{"message":connected,"level":info,"timestamp":2021-03-10T07:25:32.770Z}
{"message":connected,"level":info,"timestamp":2021-03-10T07:30:26.491Z}
{"message":connected,"level":info,"timestamp":2021-03-10T07:31:08.541Z}
{"message":connected,"level":info,"timestamp":2021-03-10T07:31:52.785Z}
{"message":connected,"level":info,"timestamp":2021-03-10T07:32:03.207Z}
{"message":connected,"level":info,"timestamp":2021-03-10T07:32:15.405Z}
{"message":connected,"level":info,"timestamp":2021-03-10T07:33:25.423Z}
{"message":connected,"level":info,"timestamp":2021-03-10T07:34:17.176Z}
{"message":connected,"level":info,"timestamp":2021-03-10T07:43:41.175Z}
{"message":connected,"level":info,"timestamp":2021-03-10T09:29:00.997Z}
{"message":connected,"level":info,"timestamp":2021-03-10T09:31:59.149Z}
{"message":connected,"level":info,"timestamp":2021-03-10T09:36:19.321Z}
{"message":connected,"level":info,"timestamp":2021-03-10T09:40:32.396Z}
{"message":connected,"level":info,"timestamp":2021-03-10T09:41:22.626Z}
{"message":connected,"level":info,"timestamp":2021-03-10T09:46:08.745Z}
{"message":connected,"level":info,"timestamp":2021-03-10T09:53:21.433Z}
{"message":connected,"level":info,"timestamp":2021-03-10T10:00:37.573Z}
{"message":connected,"level":info,"timestamp":2021-03-10T10:03:03.809Z}
{"message":connected,"level":info,"timestamp":2021-03-10T10:03:46.586Z}
{"message":connected,"level":info,"timestamp":2021-03-10T10:04:07.962Z}
{"message":connected,"level":info,"timestamp":2021-03-10T10:05:10.770Z}
{"message":connected,"level":info,"timestamp":2021-03-10T10:05:28.301Z}
{"message":connected,"level":info,"timestamp":2021-03-10T10:05:53.168Z}
{"message":connected,"level":info,"timestamp":2021-03-10T10:09:19.296Z}
{"message":connected,"level":info,"timestamp":2021-03-10T10:09:33.758Z}
{"message":connected,"level":info,"timestamp":2021-03-10T10:10:58.427Z}
{"message":connected,"level":info,"timestamp":2021-03-10T10:12:09.725Z}
{"message":connected,"level":info,"timestamp":2021-03-10T10:12:32.444Z}
{"message":connected,"level":info,"timestamp":2021-03-10T10:12:52.704Z}
{"message":connected,"level":info,"timestamp":2021-03-10T10:16:21.237Z}
{"message":connected,"level":info,"timestamp":2021-03-10T10:17:01.307Z}
{"message":connected,"level":info,"timestamp":2021-03-10T10:19:18.760Z}
{"message":connected,"level":info,"timestamp":2021-03-10T10:20:00.612Z}
{"message":connected,"level":info,"timestamp":2021-03-10T10:20:13.530Z}
{"message":connected,"level":info,"timestamp":2021-03-10T10:20:41.600Z}
{"message":connected,"level":info,"timestamp":2021-03-10T10:21:06.121Z}
{"message":connected,"level":info,"timestamp":2021-03-10T10:21:14.393Z}
{"message":connected,"level":info,"timestamp":2021-03-10T10:21:28.928Z}
{"message":connected,"level":info,"timestamp":2021-03-10T10:21:43.201Z}
{"message":connected,"level":info,"timestamp":2021-03-10T10:22:05.514Z}
{"message":connected,"level":info,"timestamp":2021-03-10T10:23:40.788Z}
{"message":connected,"level":info,"timestamp":2021-03-10T10:23:46.338Z}
{"message":connected,"level":info,"timestamp":2021-03-10T10:26:25.641Z}
{"message":connected,"level":info,"timestamp":2021-03-10T10:26:41.787Z}
{"message":connected,"level":info,"timestamp":2021-03-10T10:27:00.616Z}
{"message":connected,"level":info,"timestamp":2021-03-10T10:27:16.510Z}
{"message":connected,"level":info,"timestamp":2021-03-10T10:27:35.859Z}
{"message":connected,"level":info,"timestamp":2021-03-10T10:27:46.489Z}
{"message":connected,"level":info,"timestamp":2021-03-10T10:27:53.218Z}
{"message":connected,"level":info,"timestamp":2021-03-10T10:30:37.655Z}
{"message":connected,"level":info,"timestamp":2021-03-10T10:31:31.626Z}
{"message":connected,"level":info,"timestamp":2021-03-10T10:35:32.360Z}
{"message":connected,"level":info,"timestamp":2021-03-10T10:36:59.507Z}
{"message":connected,"level":info,"timestamp":2021-03-10T10:37:25.367Z}
{"message":connected,"level":info,"timestamp":2021-03-10T10:38:02.653Z}
{"message":connected,"level":info,"timestamp":2021-03-10T10:39:52.380Z}
{"message":connected,"level":info,"timestamp":2021-03-10T10:40:04.232Z}
{"message":connected,"level":info,"timestamp":2021-03-10T10:40:16.136Z}
{"message":connected,"level":info,"timestamp":2021-03-10T10:40:34.035Z}
{"message":connected,"level":info,"timestamp":2021-03-10T10:41:54.977Z}
{"message":connected,"level":info,"timestamp":2021-03-10T10:42:12.437Z}
{"message":connected,"level":info,"timestamp":2021-03-10T10:44:08.726Z}
{"message":connected,"level":info,"timestamp":2021-03-10T10:44:31.717Z}
{"message":connected,"level":info,"timestamp":2021-03-10T10:44:53.009Z}
{"message":connected,"level":info,"timestamp":2021-03-10T10:45:32.535Z}
{"message":connected,"level":info,"timestamp":2021-03-10T10:46:04.292Z}
{"message":connected,"level":info,"timestamp":2021-03-10T10:47:15.342Z}
{"message":connected,"level":info,"timestamp":2021-03-10T10:48:11.394Z}
{"message":connected,"level":info,"timestamp":2021-03-10T10:48:35.722Z}
{"message":connected,"level":info,"timestamp":2021-03-10T10:49:12.457Z}
{"message":connected,"level":info,"timestamp":2021-03-10T10:49:32.542Z}
{"message":connected,"level":info,"timestamp":2021-03-10T10:49:51.053Z}
{"message":connected,"level":info,"timestamp":2021-03-10T10:50:26.423Z}
{"message":connected,"level":info,"timestamp":2021-03-10T10:50:30.066Z}
{"message":connected,"level":info,"timestamp":2021-03-10T10:51:09.916Z}
{"message":connected,"level":info,"timestamp":2021-03-10T10:52:04.350Z}
{"message":connected,"level":info,"timestamp":2021-03-10T10:52:59.930Z}
{"message":connected,"level":info,"timestamp":2021-03-10T10:53:15.544Z}
{"message":connected,"level":info,"timestamp":2021-03-10T10:54:18.146Z}
{"message":connected,"level":info,"timestamp":2021-03-10T10:54:55.133Z}
{"message":connected,"level":info,"timestamp":2021-03-10T10:55:24.847Z}
{"message":connected,"level":info,"timestamp":2021-03-10T10:56:43.376Z}
{"message":connected,"level":info,"timestamp":2021-03-10T10:57:13.059Z}
{"message":connected,"level":info,"timestamp":2021-03-10T11:08:27.113Z}
{"message":connected,"level":info,"timestamp":2021-03-10T11:17:26.528Z}
{"message":connected,"level":info,"timestamp":2021-03-10T11:20:20.590Z}
{"message":connected,"level":info,"timestamp":2021-03-10T11:20:38.248Z}
{"message":connected,"level":info,"timestamp":2021-03-10T11:26:20.856Z}
{"message":connected,"level":info,"timestamp":2021-03-10T11:31:22.430Z}
{"message":connected,"level":info,"timestamp":2021-03-10T11:34:10.334Z}
{"message":connected,"level":info,"timestamp":2021-03-10T11:34:14.789Z}
{"message":connected,"level":info,"timestamp":2021-03-10T11:35:25.974Z}
{"message":connected,"level":info,"timestamp":2021-03-10T11:36:29.124Z}
{"message":connected,"level":info,"timestamp":2021-03-10T11:42:37.253Z}
{"message":connected,"level":info,"timestamp":2021-03-10T11:43:18.099Z}
{"message":connected,"level":info,"timestamp":2021-03-10T11:47:44.278Z}
{"message":connected,"level":info,"timestamp":2021-03-10T11:48:53.267Z}
{"message":connected,"level":info,"timestamp":2021-03-10T11:51:05.897Z}
{"message":connected,"level":info,"timestamp":2021-03-10T11:55:28.192Z}
{"message":connected,"level":info,"timestamp":2021-03-10T11:55:35.690Z}
{"message":connected,"level":info,"timestamp":2021-03-10T11:59:32.885Z}
{"message":connected,"level":info,"timestamp":2021-03-10T11:59:38.932Z}
{"message":connected,"level":info,"timestamp":2021-03-10T12:01:26.036Z}
{"message":connected,"level":info,"timestamp":2021-03-10T12:03:31.824Z}
{"message":connected,"level":info,"timestamp":2021-03-10T12:08:31.425Z}
{"message":connected,"level":info,"timestamp":2021-03-10T12:09:44.420Z}
{"message":connected,"level":info,"timestamp":2021-03-10T12:12:23.553Z}
{"message":connected,"level":info,"timestamp":2021-03-10T12:20:57.555Z}
{"message":connected,"level":info,"timestamp":2021-03-10T12:21:29.364Z}
{"message":connected,"level":info,"timestamp":2021-03-10T12:21:39.916Z}
{"message":connected,"level":info,"timestamp":2021-03-10T12:21:44.744Z}
{"message":connected,"level":info,"timestamp":2021-03-10T12:33:30.366Z}
{"message":connected,"level":info,"timestamp":2021-03-10T12:36:47.640Z}
{"message":connected,"level":info,"timestamp":2021-03-10T12:39:19.630Z}
{"message":connected,"level":info,"timestamp":2021-03-10T12:41:03.619Z}
{"message":connected,"level":info,"timestamp":2021-03-10T12:41:57.067Z}
{"message":connected,"level":info,"timestamp":2021-03-10T12:44:04.570Z}
{"message":connected,"level":info,"timestamp":2021-03-10T12:44:39.168Z}
{"message":connected,"level":info,"timestamp":2021-03-10T12:50:02.501Z}
{"message":connected,"level":info,"timestamp":2021-03-10T12:51:44.168Z}
{"message":connected,"level":info,"timestamp":2021-03-10T12:52:11.516Z}
{"message":connected,"level":info,"timestamp":2021-03-10T12:52:30.135Z}
{"message":connected,"level":info,"timestamp":2021-03-10T12:52:38.822Z}
{"message":connected,"level":info,"timestamp":2021-03-10T12:53:01.579Z}
{"message":connected,"level":info,"timestamp":2021-03-10T12:53:24.828Z}
{"message":connected,"level":info,"timestamp":2021-03-10T12:53:39.717Z}
{"message":connected,"level":info,"timestamp":2021-03-10T13:05:20.527Z}
{"message":connected,"level":info,"timestamp":2021-03-10T13:06:27.935Z}
{"message":connected,"level":info,"timestamp":2021-03-10T13:06:32.090Z}
{"message":connected,"level":info,"timestamp":2021-03-10T13:06:46.577Z}
{"message":connected,"level":info,"timestamp":2021-03-10T13:07:02.392Z}
{"message":connected,"level":info,"timestamp":2021-03-10T13:08:00.785Z}
{"message":connected,"level":info,"timestamp":2021-03-10T13:09:12.525Z}
{"message":connected,"level":info,"timestamp":2021-03-10T13:09:18.707Z}
{"message":connected,"level":info,"timestamp":2021-03-10T13:10:43.061Z}
{"message":connected,"level":info,"timestamp":2021-03-10T13:11:07.393Z}
{"message":connected,"level":info,"timestamp":2021-03-10T13:12:09.840Z}
{"message":connected,"level":info,"timestamp":2021-03-10T13:13:50.758Z}
{"message":connected,"level":info,"timestamp":2021-03-10T13:14:24.878Z}
{"message":connected,"level":info,"timestamp":2021-03-10T13:15:02.434Z}
{"message":connected,"level":info,"timestamp":2021-03-10T13:15:45.813Z}
{"message":connected,"level":info,"timestamp":2021-03-10T13:16:34.516Z}
{"message":connected,"level":info,"timestamp":2021-03-10T13:18:55.911Z}
{"message":connected,"level":info,"timestamp":2021-03-10T13:22:05.924Z}
{"message":connected,"level":info,"timestamp":2021-03-10T13:22:15.399Z}
{"message":connected,"level":info,"timestamp":2021-03-11T05:03:36.703Z}
{"message":connected,"level":info,"timestamp":2021-03-11T05:05:22.231Z}
{"message":connected,"level":info,"timestamp":2021-03-11T05:06:48.163Z}
{"message":connected,"level":info,"timestamp":2021-03-11T05:07:15.889Z}
{"message":connected,"level":info,"timestamp":2021-03-11T05:07:35.653Z}
{"message":connected,"level":info,"timestamp":2021-03-11T05:10:00.948Z}
{"message":connected,"level":info,"timestamp":2021-03-11T05:10:58.456Z}
{"message":connected,"level":info,"timestamp":2021-03-11T05:12:40.254Z}
{"message":connected,"level":info,"timestamp":2021-03-11T05:12:59.003Z}
{"message":connected,"level":info,"timestamp":2021-03-11T05:13:26.415Z}
{"message":connected,"level":info,"timestamp":2021-03-11T05:13:43.474Z}
{"message":connected,"level":info,"timestamp":2021-03-11T05:13:51.144Z}
{"message":connected,"level":info,"timestamp":2021-03-11T05:14:03.696Z}
{"message":connected,"level":info,"timestamp":2021-03-11T05:14:14.966Z}
{"message":connected,"level":info,"timestamp":2021-03-11T05:14:46.177Z}
{"message":connected,"level":info,"timestamp":2021-03-11T05:15:58.459Z}
{"message":connected,"level":info,"timestamp":2021-03-11T05:16:31.513Z}
{"message":connected,"level":info,"timestamp":2021-03-11T05:16:57.965Z}
{"message":connected,"level":info,"timestamp":2021-03-11T05:18:03.584Z}
{"message":connected,"level":info,"timestamp":2021-03-11T05:20:37.736Z}
{"message":connected,"level":info,"timestamp":2021-03-11T05:20:51.018Z}
{"message":connected,"level":info,"timestamp":2021-03-11T05:26:39.760Z}
{"message":connected,"level":info,"timestamp":2021-03-11T05:27:02.587Z}
{"message":connected,"level":info,"timestamp":2021-03-11T05:27:18.536Z}
{"message":connected,"level":info,"timestamp":2021-03-11T05:29:26.978Z}
{"message":connected,"level":info,"timestamp":2021-03-11T05:30:03.462Z}
{"message":connected,"level":info,"timestamp":2021-03-11T05:34:40.105Z}
{"message":connected,"level":info,"timestamp":2021-03-11T05:38:14.944Z}
{"message":connected,"level":info,"timestamp":2021-03-11T05:41:34.514Z}
{"message":connected,"level":info,"timestamp":2021-03-11T05:42:28.712Z}
{"message":connected,"level":info,"timestamp":2021-03-11T05:43:20.797Z}
{"message":connected,"level":info,"timestamp":2021-03-11T05:43:59.279Z}
{"message":connected,"level":info,"timestamp":2021-03-11T05:46:09.968Z}
{"message":connected,"level":info,"timestamp":2021-03-11T05:46:56.886Z}
{"message":connected,"level":info,"timestamp":2021-03-11T05:47:16.196Z}
{"message":connected,"level":info,"timestamp":2021-03-11T05:47:58.588Z}
{"message":connected,"level":info,"timestamp":2021-03-11T05:48:34.068Z}
{"message":connected,"level":info,"timestamp":2021-03-11T05:50:17.190Z}
{"message":connected,"level":info,"timestamp":2021-03-11T05:51:09.948Z}
{"message":connected,"level":info,"timestamp":2021-03-11T05:51:42.204Z}
{"message":connected,"level":info,"timestamp":2021-03-11T05:52:09.679Z}
{"message":connected,"level":info,"timestamp":2021-03-11T05:53:14.408Z}
{"message":connected,"level":info,"timestamp":2021-03-11T05:53:36.213Z}
{"message":connected,"level":info,"timestamp":2021-03-11T05:55:04.436Z}
{"message":connected,"level":info,"timestamp":2021-03-11T05:55:52.112Z}
{"message":connected,"level":info,"timestamp":2021-03-11T05:57:50.499Z}
{"message":connected,"level":info,"timestamp":2021-03-11T05:59:23.886Z}
{"message":connected,"level":info,"timestamp":2021-03-11T05:59:49.237Z}
{"message":connected,"level":info,"timestamp":2021-03-11T06:00:14.223Z}
{"message":connected,"level":info,"timestamp":2021-03-11T06:01:14.434Z}
{"message":connected,"level":info,"timestamp":2021-03-11T06:01:40.503Z}
{"message":connected,"level":info,"timestamp":2021-03-11T06:02:18.892Z}
{"message":connected,"level":info,"timestamp":2021-03-11T06:02:30.280Z}
{"message":connected,"level":info,"timestamp":2021-03-11T06:02:41.860Z}
{"message":connected,"level":info,"timestamp":2021-03-11T06:03:36.608Z}
{"message":connected,"level":info,"timestamp":2021-03-11T06:03:47.414Z}
{"message":connected,"level":info,"timestamp":2021-03-11T06:04:06.320Z}
{"message":connected,"level":info,"timestamp":2021-03-11T06:04:31.102Z}
{"message":connected,"level":info,"timestamp":2021-03-11T06:05:39.865Z}
{"message":connected,"level":info,"timestamp":2021-03-11T06:06:38.250Z}
{"message":connected,"level":info,"timestamp":2021-03-11T06:07:35.932Z}
{"message":connected,"level":info,"timestamp":2021-03-11T06:07:55.839Z}
{"message":connected,"level":info,"timestamp":2021-03-11T06:09:50.532Z}
{"message":connected,"level":info,"timestamp":2021-03-11T06:10:58.614Z}
{"message":connected,"level":info,"timestamp":2021-03-11T06:11:15.523Z}
{"message":connected,"level":info,"timestamp":2021-03-11T06:12:51.052Z}
{"message":connected,"level":info,"timestamp":2021-03-11T06:13:14.866Z}
{"message":connected,"level":info,"timestamp":2021-03-11T06:13:34.662Z}
{"message":connected,"level":info,"timestamp":2021-03-11T06:13:50.828Z}
{"message":connected,"level":info,"timestamp":2021-03-11T06:14:13.025Z}
{"message":connected,"level":info,"timestamp":2021-03-11T06:15:41.275Z}
{"message":connected,"level":info,"timestamp":2021-03-11T06:15:46.733Z}
{"message":connected,"level":info,"timestamp":2021-03-11T06:19:31.165Z}
{"message":connected,"level":info,"timestamp":2021-03-11T06:20:51.792Z}
{"message":connected,"level":info,"timestamp":2021-03-11T06:22:39.639Z}
{"message":connected,"level":info,"timestamp":2021-03-11T06:23:09.043Z}
{"message":connected,"level":info,"timestamp":2021-03-11T06:23:42.195Z}
{"message":connected,"level":info,"timestamp":2021-03-11T06:25:56.777Z}
{"message":connected,"level":info,"timestamp":2021-03-11T06:26:15.991Z}
{"message":connected,"level":info,"timestamp":2021-03-11T06:26:21.664Z}
{"message":connected,"level":info,"timestamp":2021-03-11T06:26:56.415Z}
{"message":connected,"level":info,"timestamp":2021-03-11T06:28:59.186Z}
{"message":connected,"level":info,"timestamp":2021-03-11T06:29:09.052Z}
{"message":connected,"level":info,"timestamp":2021-03-11T06:31:34.360Z}
{"message":connected,"level":info,"timestamp":2021-03-11T06:32:57.919Z}
{"message":connected,"level":info,"timestamp":2021-03-11T06:33:09.776Z}
{"message":connected,"level":info,"timestamp":2021-03-11T06:33:41.616Z}
{"message":connected,"level":info,"timestamp":2021-03-11T06:36:40.092Z}
{"message":connected,"level":info,"timestamp":2021-03-11T06:38:31.000Z}
{"message":connected,"level":info,"timestamp":2021-03-11T06:39:19.380Z}
{"message":connected,"level":info,"timestamp":2021-03-11T06:39:44.348Z}
{"message":connected,"level":info,"timestamp":2021-03-11T06:41:22.390Z}
{"message":connected,"level":info,"timestamp":2021-03-11T06:42:06.938Z}
{"message":connected,"level":info,"timestamp":2021-03-11T06:42:39.279Z}
{"message":connected,"level":info,"timestamp":2021-03-11T06:43:15.753Z}
{"message":connected,"level":info,"timestamp":2021-03-11T06:43:32.248Z}
{"message":connected,"level":info,"timestamp":2021-03-11T06:44:26.554Z}
{"message":connected,"level":info,"timestamp":2021-03-11T06:44:35.672Z}
{"message":connected,"level":info,"timestamp":2021-03-11T06:46:13.327Z}
{"message":connected,"level":info,"timestamp":2021-03-11T06:46:57.750Z}
{"message":connected,"level":info,"timestamp":2021-03-11T06:47:41.600Z}
{"message":connected,"level":info,"timestamp":2021-03-11T06:47:53.222Z}
{"message":connected,"level":info,"timestamp":2021-03-11T06:48:15.230Z}
{"message":connected,"level":info,"timestamp":2021-03-11T06:48:53.380Z}
{"message":connected,"level":info,"timestamp":2021-03-11T06:49:28.253Z}
{"message":connected,"level":info,"timestamp":2021-03-11T06:49:39.914Z}
{"message":connected,"level":info,"timestamp":2021-03-11T06:49:48.049Z}
{"message":connected,"level":info,"timestamp":2021-03-11T06:50:40.918Z}
{"message":connected,"level":info,"timestamp":2021-03-11T06:51:34.245Z}
{"message":connected,"level":info,"timestamp":2021-03-11T06:53:10.698Z}
{"message":connected,"level":info,"timestamp":2021-03-11T06:54:12.177Z}
{"message":connected,"level":info,"timestamp":2021-03-11T06:54:36.861Z}
{"message":connected,"level":info,"timestamp":2021-03-11T06:54:53.435Z}
{"message":connected,"level":info,"timestamp":2021-03-11T06:55:27.692Z}
{"message":connected,"level":info,"timestamp":2021-03-11T06:55:46.579Z}
{"message":connected,"level":info,"timestamp":2021-03-11T06:56:24.560Z}
{"message":connected,"level":info,"timestamp":2021-03-11T06:56:50.707Z}
{"message":connected,"level":info,"timestamp":2021-03-11T06:57:55.607Z}
{"message":connected,"level":info,"timestamp":2021-03-11T07:00:28.427Z}
{"message":connected,"level":info,"timestamp":2021-03-11T07:01:16.461Z}
{"message":connected,"level":info,"timestamp":2021-03-11T07:01:28.694Z}
{"message":connected,"level":info,"timestamp":2021-03-11T07:01:47.129Z}
{"message":connected,"level":info,"timestamp":2021-03-11T07:02:54.021Z}
{"message":connected,"level":info,"timestamp":2021-03-11T07:04:43.289Z}
{"message":connected,"level":info,"timestamp":2021-03-11T07:07:02.109Z}
{"message":connected,"level":info,"timestamp":2021-03-11T07:08:04.442Z}
{"message":connected,"level":info,"timestamp":2021-03-11T07:08:27.840Z}
{"message":connected,"level":info,"timestamp":2021-03-11T07:11:46.938Z}
{"message":connected,"level":info,"timestamp":2021-03-11T07:12:03.367Z}
{"message":connected,"level":info,"timestamp":2021-03-11T07:12:13.274Z}
{"message":connected,"level":info,"timestamp":2021-03-11T07:13:15.235Z}
{"message":connected,"level":info,"timestamp":2021-03-11T07:14:33.122Z}
{"message":connected,"level":info,"timestamp":2021-03-11T07:14:53.215Z}
{"message":connected,"level":info,"timestamp":2021-03-11T07:15:26.917Z}
{"message":connected,"level":info,"timestamp":2021-03-11T07:16:14.343Z}
{"message":connected,"level":info,"timestamp":2021-03-11T07:16:37.095Z}
{"message":connected,"level":info,"timestamp":2021-03-11T07:40:14.279Z}
{"message":connected,"level":info,"timestamp":2021-03-11T07:43:21.859Z}
{"message":connected,"level":info,"timestamp":2021-03-11T07:43:41.269Z}
{"message":connected,"level":info,"timestamp":2021-03-11T07:44:04.662Z}
{"message":connected,"level":info,"timestamp":2021-03-11T08:24:46.263Z}
{"message":connected,"level":info,"timestamp":2021-03-11T09:20:03.943Z}
{"message":connected,"level":info,"timestamp":2021-03-11T09:22:21.910Z}
{"message":connected,"level":info,"timestamp":2021-03-11T09:22:40.057Z}
{"message":connected,"level":info,"timestamp":2021-03-11T09:25:21.418Z}
{"message":connected,"level":info,"timestamp":2021-03-11T09:27:44.810Z}
{"message":connected,"level":info,"timestamp":2021-03-11T09:29:18.488Z}
{"message":connected,"level":info,"timestamp":2021-03-11T09:29:31.694Z}
{"message":connected,"level":info,"timestamp":2021-03-11T09:31:09.511Z}
{"message":connected,"level":info,"timestamp":2021-03-11T09:31:48.497Z}
{"message":connected,"level":info,"timestamp":2021-03-11T09:32:01.739Z}
{"message":connected,"level":info,"timestamp":2021-03-11T09:33:26.991Z}
{"message":connected,"level":info,"timestamp":2021-03-11T09:37:05.281Z}
{"message":connected,"level":info,"timestamp":2021-03-11T09:38:28.514Z}
{"message":connected,"level":info,"timestamp":2021-03-11T09:39:56.148Z}
{"message":connected,"level":info,"timestamp":2021-03-11T09:40:47.057Z}
{"message":connected,"level":info,"timestamp":2021-03-11T09:40:54.367Z}
{"message":connected,"level":info,"timestamp":2021-03-11T09:41:37.279Z}
{"message":connected,"level":info,"timestamp":2021-03-11T09:48:25.347Z}
{"message":connected,"level":info,"timestamp":2021-03-11T09:48:47.086Z}
{"message":connected,"level":info,"timestamp":2021-03-11T09:49:25.448Z}
{"message":connected,"level":info,"timestamp":2021-03-11T09:49:58.303Z}
{"message":connected,"level":info,"timestamp":2021-03-11T09:50:20.991Z}
{"message":connected,"level":info,"timestamp":2021-03-11T09:51:00.192Z}
{"message":connected,"level":info,"timestamp":2021-03-11T09:51:35.703Z}
{"message":connected,"level":info,"timestamp":2021-03-11T09:52:03.599Z}
{"message":connected,"level":info,"timestamp":2021-03-11T09:53:17.561Z}
{"message":connected,"level":info,"timestamp":2021-03-11T09:53:47.394Z}
{"message":connected,"level":info,"timestamp":2021-03-11T09:54:15.588Z}
{"message":connected,"level":info,"timestamp":2021-03-11T09:54:28.642Z}
{"message":connected,"level":info,"timestamp":2021-03-11T09:55:16.116Z}
{"message":connected,"level":info,"timestamp":2021-03-11T09:56:03.046Z}
{"message":connected,"level":info,"timestamp":2021-03-11T09:56:42.170Z}
{"message":connected,"level":info,"timestamp":2021-03-11T09:57:19.940Z}
{"message":connected,"level":info,"timestamp":2021-03-11T09:57:25.173Z}
{"message":connected,"level":info,"timestamp":2021-03-11T09:57:33.078Z}
{"message":connected,"level":info,"timestamp":2021-03-11T09:58:55.023Z}
{"message":connected,"level":info,"timestamp":2021-03-11T10:00:45.174Z}
{"message":connected,"level":info,"timestamp":2021-03-11T10:01:47.360Z}
{"message":connected,"level":info,"timestamp":2021-03-11T10:02:15.371Z}
{"message":connected,"level":info,"timestamp":2021-03-11T10:02:38.014Z}
{"message":connected,"level":info,"timestamp":2021-03-11T10:03:28.890Z}
{"message":connected,"level":info,"timestamp":2021-03-11T10:03:47.046Z}
{"message":connected,"level":info,"timestamp":2021-03-11T10:04:00.865Z}
{"message":connected,"level":info,"timestamp":2021-03-11T10:04:36.438Z}
{"message":connected,"level":info,"timestamp":2021-03-11T10:04:48.072Z}
{"message":connected,"level":info,"timestamp":2021-03-11T10:06:16.526Z}
{"message":connected,"level":info,"timestamp":2021-03-11T10:06:57.009Z}
{"message":connected,"level":info,"timestamp":2021-03-11T10:07:48.279Z}
{"message":connected,"level":info,"timestamp":2021-03-11T10:07:58.566Z}
{"message":connected,"level":info,"timestamp":2021-03-11T10:08:45.857Z}
{"message":connected,"level":info,"timestamp":2021-03-11T10:09:07.185Z}
{"message":connected,"level":info,"timestamp":2021-03-11T10:09:11.463Z}
{"message":connected,"level":info,"timestamp":2021-03-11T10:09:54.954Z}
{"message":connected,"level":info,"timestamp":2021-03-11T10:10:30.943Z}
{"message":connected,"level":info,"timestamp":2021-03-11T10:10:55.862Z}
{"message":connected,"level":info,"timestamp":2021-03-11T10:11:14.744Z}
{"message":connected,"level":info,"timestamp":2021-03-11T10:11:27.863Z}
{"message":connected,"level":info,"timestamp":2021-03-11T10:12:44.590Z}
{"message":connected,"level":info,"timestamp":2021-03-11T10:14:23.168Z}
{"message":connected,"level":info,"timestamp":2021-03-11T10:15:59.379Z}
{"message":connected,"level":info,"timestamp":2021-03-11T10:16:17.941Z}
{"message":connected,"level":info,"timestamp":2021-03-11T10:17:16.327Z}
{"message":connected,"level":info,"timestamp":2021-03-11T10:17:48.001Z}
{"message":connected,"level":info,"timestamp":2021-03-11T10:18:10.010Z}
{"message":connected,"level":info,"timestamp":2021-03-11T10:18:47.355Z}
{"message":connected,"level":info,"timestamp":2021-03-11T10:19:47.327Z}
{"message":connected,"level":info,"timestamp":2021-03-11T10:20:24.880Z}
{"message":connected,"level":info,"timestamp":2021-03-11T10:21:18.376Z}
{"message":connected,"level":info,"timestamp":2021-03-11T10:23:23.185Z}
{"message":connected,"level":info,"timestamp":2021-03-11T10:28:52.021Z}
{"message":connected,"level":info,"timestamp":2021-03-11T10:33:20.421Z}
{"message":connected,"level":info,"timestamp":2021-03-11T10:33:48.012Z}
{"message":connected,"level":info,"timestamp":2021-03-11T10:34:07.049Z}
{"message":connected,"level":info,"timestamp":2021-03-11T10:34:40.390Z}
{"message":connected,"level":info,"timestamp":2021-03-11T10:36:01.699Z}
{"message":connected,"level":info,"timestamp":2021-03-11T10:38:29.065Z}
{"message":connected,"level":info,"timestamp":2021-03-11T10:45:02.743Z}
{"message":connected,"level":info,"timestamp":2021-03-11T10:45:31.441Z}
{"message":connected,"level":info,"timestamp":2021-03-11T10:46:06.349Z}
{"message":connected,"level":info,"timestamp":2021-03-11T10:48:34.034Z}
{"message":connected,"level":info,"timestamp":2021-03-11T10:49:09.356Z}
{"message":connected,"level":info,"timestamp":2021-03-11T10:49:55.437Z}
{"message":connected,"level":info,"timestamp":2021-03-11T10:50:21.183Z}
{"message":connected,"level":info,"timestamp":2021-03-11T10:55:30.884Z}
